<?xml version="1.0" encoding="UTF-8"?>
<!-- Generated by org.testng.reporters.JUnitReportReporter -->
<testsuite hostname="DESKTOP-T4TCS1T" failures="0" tests="2" name="qaclickacademy.RestAPI" time="0.106" errors="0" timestamp="2022-06-08T23:54:39 EDT" skipped="0">
  <testcase classname="qaclickacademy.RestAPI" name="androidAPIApps" time="0.099"/>
  <system-out/>
  <testcase classname="qaclickacademy.RestAPI" name="nativeAPIS" time="0.007"/>
  <system-out/>
</testsuite> <!-- qaclickacademy.RestAPI -->
