<?xml version="1.0" encoding="UTF-8"?>
<!-- Generated by org.testng.reporters.JUnitReportReporter -->
<testsuite hostname="DESKTOP-T4TCS1T" failures="0" tests="2" name="qaclickacademy.AppiumTest" time="0.028" errors="0" timestamp="2022-06-09T00:43:31 EDT" skipped="0">
  <testcase classname="qaclickacademy.AppiumTest" name="deleteTwitter" time="0.027"/>
  <system-out/>
  <testcase classname="qaclickacademy.AppiumTest" name="postJira" time="0.001"/>
  <system-out/>
</testsuite> <!-- qaclickacademy.AppiumTest -->
