<?xml version="1.0" encoding="UTF-8"?>
<!-- Generated by org.testng.reporters.JUnitReportReporter -->
<testsuite hostname="DESKTOP-T4TCS1T" failures="0" tests="2" name="qaclickacademy.RestAPITest" time="0.002" errors="0" timestamp="2022-06-09T00:43:31 EDT" skipped="0">
  <testcase classname="qaclickacademy.RestAPITest" name="androidApps" time="0.001"/>
  <system-out/>
  <testcase classname="qaclickacademy.RestAPITest" name="nativeApps" time="0.001"/>
  <system-out/>
</testsuite> <!-- qaclickacademy.RestAPITest -->
